2024-05-02 16:24:45,671 INFO o.a.j.u.JMeterUtils: Setting Locale to en_EN
2024-05-02 16:24:45,689 INFO o.a.j.JMeter: Loading user properties from: /opt/homebrew/Cellar/jmeter/5.6.3/libexec/bin/user.properties
2024-05-02 16:24:45,690 INFO o.a.j.JMeter: Loading system properties from: /opt/homebrew/Cellar/jmeter/5.6.3/libexec/bin/system.properties
2024-05-02 16:24:45,693 INFO o.a.j.JMeter: Copyright (c) 1998-2024 The Apache Software Foundation
2024-05-02 16:24:45,693 INFO o.a.j.JMeter: Version 5.6.3
2024-05-02 16:24:45,693 INFO o.a.j.JMeter: java.version=21.0.2
2024-05-02 16:24:45,693 INFO o.a.j.JMeter: java.vm.name=OpenJDK 64-Bit Server VM
2024-05-02 16:24:45,693 INFO o.a.j.JMeter: os.name=Mac OS X
2024-05-02 16:24:45,693 INFO o.a.j.JMeter: os.arch=aarch64
2024-05-02 16:24:45,693 INFO o.a.j.JMeter: os.version=14.4.1
2024-05-02 16:24:45,693 INFO o.a.j.JMeter: file.encoding=UTF-8
2024-05-02 16:24:45,694 INFO o.a.j.JMeter: java.awt.headless=null
2024-05-02 16:24:45,694 INFO o.a.j.JMeter: Max memory     =1073741824
2024-05-02 16:24:45,694 INFO o.a.j.JMeter: Available Processors =8
2024-05-02 16:24:45,700 INFO o.a.j.JMeter: Default Locale=English (EN)
2024-05-02 16:24:45,700 INFO o.a.j.JMeter: JMeter  Locale=English (EN)
2024-05-02 16:24:45,700 INFO o.a.j.JMeter: JMeterHome=/opt/homebrew/Cellar/jmeter/5.6.3/libexec
2024-05-02 16:24:45,700 INFO o.a.j.JMeter: user.dir  =/Applications/XAMPP/xamppfiles/htdocs/TestingAWS
2024-05-02 16:24:45,700 INFO o.a.j.JMeter: PWD       =/Applications/XAMPP/xamppfiles/htdocs/TestingAWS
2024-05-02 16:24:45,704 INFO o.a.j.JMeter: IP: 192.168.1.16 Name: 192.168.1.16 FullName: 192.168.1.16
2024-05-02 16:24:45,712 INFO o.a.j.JMeter: Loaded icon properties from org/apache/jmeter/images/icon.properties
2024-05-02 16:24:46,084 INFO o.a.j.JMeterGuiLauncher: Setting LAF to: com.github.weisj.darklaf.DarkLaf:com.github.weisj.darklaf.theme.DarculaTheme
2024-05-02 16:24:47,495 INFO o.a.j.r.ClassFinder: Will scan jar /opt/homebrew/Cellar/jmeter/5.6.3/libexec/lib/ext/awsmeter-3.0.0.jar with filter ExtendsClassFilter [parents=[interface org.apache.jmeter.gui.action.Command], inner=false, contains=null, notContains=null]. Consider exposing JMeter plugins via META-INF/services, and add JMeter-Skip-Class-Scanning=true manifest attribute so JMeter can skip classfile scanning
2024-05-02 16:24:48,083 INFO o.a.j.r.ClassFinder: Will scan jar /opt/homebrew/Cellar/jmeter/5.6.3/libexec/lib/ext/jmeter-plugins-manager-1.10.jar with filter ExtendsClassFilter [parents=[interface org.apache.jmeter.gui.action.Command], inner=false, contains=null, notContains=null]. Consider exposing JMeter plugins via META-INF/services, and add JMeter-Skip-Class-Scanning=true manifest attribute so JMeter can skip classfile scanning
2024-05-02 16:24:48,151 INFO o.a.j.r.ClassFinder: Will scan jar /opt/homebrew/Cellar/jmeter/5.6.3/libexec/lib/ext/awsmeter-3.0.0.jar with filter ExtendsClassFilter [parents=[interface org.apache.jmeter.gui.plugin.MenuCreator], inner=false, contains=null, notContains=null]. Consider exposing JMeter plugins via META-INF/services, and add JMeter-Skip-Class-Scanning=true manifest attribute so JMeter can skip classfile scanning
2024-05-02 16:24:48,161 INFO o.a.j.r.ClassFinder: Will scan jar /opt/homebrew/Cellar/jmeter/5.6.3/libexec/lib/ext/jmeter-plugins-manager-1.10.jar with filter ExtendsClassFilter [parents=[interface org.apache.jmeter.gui.plugin.MenuCreator], inner=false, contains=null, notContains=null]. Consider exposing JMeter plugins via META-INF/services, and add JMeter-Skip-Class-Scanning=true manifest attribute so JMeter can skip classfile scanning
2024-05-02 16:24:48,221 INFO o.j.r.JARSourceHTTP: Requesting https://jmeter-plugins.org/repo/?installID=mac_os_x-039d1308f501dc67978856253c0f7cc3-gui
2024-05-02 16:24:50,385 INFO o.j.r.PluginManager: Plugins Status: [awsmeter=3.0.0, jpgc-plugins-manager=1.10, jmeter-core=5.6.3, jmeter-ftp=5.6.3, jmeter-http=5.6.3, jmeter-jdbc=5.6.3, jmeter-jms=5.6.3, jmeter-junit=5.6.3, jmeter-java=5.6.3, jmeter-ldap=5.6.3, jmeter-mail=5.6.3, jmeter-mongodb=5.6.3, jmeter-native=5.6.3, jmeter-tcp=5.6.3, jmeter-components=5.6.3]
2024-05-02 16:25:03,260 INFO o.a.j.s.FileServer: Default base='/Applications/XAMPP/xamppfiles/htdocs/TestingAWS'
2024-05-02 16:25:03,263 INFO o.a.j.g.a.Load: Loading file: /Users/PENS/Tugas Akhir2/Testing Jmeter/AWS API gateway.jmx
2024-05-02 16:25:03,263 INFO o.a.j.s.FileServer: Set new base='/Users/PENS/Tugas Akhir2/Testing Jmeter'
2024-05-02 16:25:03,372 INFO o.a.j.s.SaveService: Testplan (JMX) version: 2.2. Testlog (JTL) version: 2.2
2024-05-02 16:25:03,378 INFO o.a.j.s.SaveService: Using SaveService properties version 5.0
2024-05-02 16:25:03,379 INFO o.a.j.s.SaveService: Using SaveService properties file encoding UTF-8
2024-05-02 16:25:03,381 INFO o.a.j.s.SaveService: Loading file: /Users/PENS/Tugas Akhir2/Testing Jmeter/AWS API gateway.jmx
2024-05-02 16:25:03,435 INFO o.a.j.p.h.s.HTTPSamplerBase: Parser for text/html is org.apache.jmeter.protocol.http.parser.LagartoBasedHtmlParser
2024-05-02 16:25:03,435 INFO o.a.j.p.h.s.HTTPSamplerBase: Parser for application/xhtml+xml is org.apache.jmeter.protocol.http.parser.LagartoBasedHtmlParser
2024-05-02 16:25:03,435 INFO o.a.j.p.h.s.HTTPSamplerBase: Parser for application/xml is org.apache.jmeter.protocol.http.parser.LagartoBasedHtmlParser
2024-05-02 16:25:03,435 INFO o.a.j.p.h.s.HTTPSamplerBase: Parser for text/xml is org.apache.jmeter.protocol.http.parser.LagartoBasedHtmlParser
2024-05-02 16:25:03,435 INFO o.a.j.p.h.s.HTTPSamplerBase: Parser for text/vnd.wap.wml is org.apache.jmeter.protocol.http.parser.RegexpHTMLParser
2024-05-02 16:25:03,435 INFO o.a.j.p.h.s.HTTPSamplerBase: Parser for text/css is org.apache.jmeter.protocol.http.parser.CssParser
2024-05-02 16:25:03,533 INFO o.a.j.s.SampleResult: Note: Sample TimeStamps are START times
2024-05-02 16:25:03,533 INFO o.a.j.s.SampleResult: sampleresult.default.encoding is set to UTF-8
2024-05-02 16:25:03,534 INFO o.a.j.s.SampleResult: sampleresult.useNanoTime=true
2024-05-02 16:25:03,534 INFO o.a.j.s.SampleResult: sampleresult.nanoThreadSleep=5000
2024-05-02 16:25:03,557 INFO o.a.j.r.ClassFinder: Will scan jar /opt/homebrew/Cellar/jmeter/5.6.3/libexec/lib/ext/awsmeter-3.0.0.jar with filter ExtendsClassFilter [parents=[interface org.apache.jmeter.visualizers.ResultRenderer], inner=false, contains=null, notContains=null]. Consider exposing JMeter plugins via META-INF/services, and add JMeter-Skip-Class-Scanning=true manifest attribute so JMeter can skip classfile scanning
2024-05-02 16:25:03,572 INFO o.a.j.r.ClassFinder: Will scan jar /opt/homebrew/Cellar/jmeter/5.6.3/libexec/lib/ext/jmeter-plugins-manager-1.10.jar with filter ExtendsClassFilter [parents=[interface org.apache.jmeter.visualizers.ResultRenderer], inner=false, contains=null, notContains=null]. Consider exposing JMeter plugins via META-INF/services, and add JMeter-Skip-Class-Scanning=true manifest attribute so JMeter can skip classfile scanning
2024-05-02 16:25:03,583 INFO o.a.j.r.ClassFinder: Will scan jar /opt/homebrew/Cellar/jmeter/5.6.3/libexec/lib/ext/awsmeter-3.0.0.jar with filter ExtendsClassFilter [parents=[interface org.apache.jmeter.visualizers.RequestView], inner=false, contains=null, notContains=null]. Consider exposing JMeter plugins via META-INF/services, and add JMeter-Skip-Class-Scanning=true manifest attribute so JMeter can skip classfile scanning
2024-05-02 16:25:03,593 INFO o.a.j.r.ClassFinder: Will scan jar /opt/homebrew/Cellar/jmeter/5.6.3/libexec/lib/ext/jmeter-plugins-manager-1.10.jar with filter ExtendsClassFilter [parents=[interface org.apache.jmeter.visualizers.RequestView], inner=false, contains=null, notContains=null]. Consider exposing JMeter plugins via META-INF/services, and add JMeter-Skip-Class-Scanning=true manifest attribute so JMeter can skip classfile scanning
2024-05-02 16:25:03,650 INFO o.a.j.r.ClassFinder: Will scan jar /opt/homebrew/Cellar/jmeter/5.6.3/libexec/lib/ext/awsmeter-3.0.0.jar with filter ExtendsClassFilter [parents=[interface org.apache.jmeter.visualizers.ResultRenderer], inner=false, contains=null, notContains=null]. Consider exposing JMeter plugins via META-INF/services, and add JMeter-Skip-Class-Scanning=true manifest attribute so JMeter can skip classfile scanning
2024-05-02 16:25:03,660 INFO o.a.j.r.ClassFinder: Will scan jar /opt/homebrew/Cellar/jmeter/5.6.3/libexec/lib/ext/jmeter-plugins-manager-1.10.jar with filter ExtendsClassFilter [parents=[interface org.apache.jmeter.visualizers.ResultRenderer], inner=false, contains=null, notContains=null]. Consider exposing JMeter plugins via META-INF/services, and add JMeter-Skip-Class-Scanning=true manifest attribute so JMeter can skip classfile scanning
2024-05-02 16:25:03,667 INFO o.a.j.r.ClassFinder: Will scan jar /opt/homebrew/Cellar/jmeter/5.6.3/libexec/lib/ext/awsmeter-3.0.0.jar with filter ExtendsClassFilter [parents=[interface org.apache.jmeter.visualizers.RequestView], inner=false, contains=null, notContains=null]. Consider exposing JMeter plugins via META-INF/services, and add JMeter-Skip-Class-Scanning=true manifest attribute so JMeter can skip classfile scanning
2024-05-02 16:25:03,677 INFO o.a.j.r.ClassFinder: Will scan jar /opt/homebrew/Cellar/jmeter/5.6.3/libexec/lib/ext/jmeter-plugins-manager-1.10.jar with filter ExtendsClassFilter [parents=[interface org.apache.jmeter.visualizers.RequestView], inner=false, contains=null, notContains=null]. Consider exposing JMeter plugins via META-INF/services, and add JMeter-Skip-Class-Scanning=true manifest attribute so JMeter can skip classfile scanning
2024-05-02 16:25:03,704 INFO o.a.j.s.FileServer: Set new base='/Users/PENS/Tugas Akhir2/Testing Jmeter'
2024-05-02 16:25:26,119 INFO o.a.j.e.StandardJMeterEngine: Running the test!
2024-05-02 16:25:26,120 INFO o.a.j.s.SampleEvent: List of sample_variables: []
2024-05-02 16:25:26,120 INFO o.a.j.s.SampleEvent: List of sample_variables: []
2024-05-02 16:25:26,121 INFO o.a.j.e.u.CompoundVariable: Note: Function class names must contain the string: '.functions.'
2024-05-02 16:25:26,121 INFO o.a.j.e.u.CompoundVariable: Note: Function class names must not contain the string: '.gui.'
2024-05-02 16:25:26,160 INFO o.a.j.r.ClassFinder: Will scan jar /opt/homebrew/Cellar/jmeter/5.6.3/libexec/lib/ext/awsmeter-3.0.0.jar with filter ExtendsClassFilter [parents=[interface org.apache.jmeter.functions.Function], inner=false, contains=null, notContains=null]. Consider exposing JMeter plugins via META-INF/services, and add JMeter-Skip-Class-Scanning=true manifest attribute so JMeter can skip classfile scanning
2024-05-02 16:25:26,171 INFO o.a.j.r.ClassFinder: Will scan jar /opt/homebrew/Cellar/jmeter/5.6.3/libexec/lib/ext/jmeter-plugins-manager-1.10.jar with filter ExtendsClassFilter [parents=[interface org.apache.jmeter.functions.Function], inner=false, contains=null, notContains=null]. Consider exposing JMeter plugins via META-INF/services, and add JMeter-Skip-Class-Scanning=true manifest attribute so JMeter can skip classfile scanning
2024-05-02 16:25:26,175 INFO o.a.j.g.u.JMeterMenuBar: setRunning(true, *local*)
2024-05-02 16:25:26,235 INFO o.a.j.e.StandardJMeterEngine: Starting ThreadGroup: 1 : Testing First API
2024-05-02 16:25:26,235 INFO o.a.j.e.StandardJMeterEngine: Starting 3 threads for group Testing First API.
2024-05-02 16:25:26,235 INFO o.a.j.e.StandardJMeterEngine: Thread will continue on error
2024-05-02 16:25:26,236 INFO o.a.j.t.ThreadGroup: Starting thread group... number=1 threads=3 ramp-up=1 delayedStart=false
2024-05-02 16:25:26,237 INFO o.a.j.t.JMeterThread: Thread started: Testing First API 1-1
2024-05-02 16:25:26,237 INFO o.a.j.t.ThreadGroup: Started thread group number 1
2024-05-02 16:25:26,237 INFO o.a.j.e.StandardJMeterEngine: Starting ThreadGroup: 2 : Testing AWS API Gateway GET Method
2024-05-02 16:25:26,237 INFO o.a.j.e.StandardJMeterEngine: Starting 15 threads for group Testing AWS API Gateway GET Method.
2024-05-02 16:25:26,237 INFO o.a.j.e.StandardJMeterEngine: Thread will continue on error
2024-05-02 16:25:26,237 INFO o.a.j.t.ThreadGroup: Starting thread group... number=2 threads=15 ramp-up=1 delayedStart=false
2024-05-02 16:25:26,238 INFO o.a.j.t.JMeterThread: Thread started: Testing AWS API Gateway GET Method 2-1
2024-05-02 16:25:26,240 INFO o.a.j.t.ThreadGroup: Started thread group number 2
2024-05-02 16:25:26,240 INFO o.a.j.e.StandardJMeterEngine: All thread groups have been started
2024-05-02 16:25:26,242 INFO o.a.j.p.h.s.HTTPHCAbstractImpl: Local host = 192.168.1.16
2024-05-02 16:25:26,245 INFO o.a.j.p.h.s.HTTPHC4Impl: HTTP request retry count = 0
2024-05-02 16:25:26,310 INFO o.a.j.t.JMeterThread: Thread started: Testing AWS API Gateway GET Method 2-2
2024-05-02 16:25:26,318 INFO o.a.j.p.h.s.h.LazyLayeredConnectionSocketFactory: Setting up HTTPS TrustAll Socket Factory
2024-05-02 16:25:26,318 INFO o.a.j.u.JsseSSLManager: Using default SSL protocol: TLS
2024-05-02 16:25:26,319 INFO o.a.j.u.JsseSSLManager: SSL session context: per-thread
2024-05-02 16:25:26,374 INFO o.a.j.t.JMeterThread: Thread started: Testing AWS API Gateway GET Method 2-3
2024-05-02 16:25:26,382 INFO o.a.j.u.SSLManager: JmeterKeyStore Location:  type JKS
2024-05-02 16:25:26,382 INFO o.a.j.u.SSLManager: KeyStore created OK
2024-05-02 16:25:26,383 WARN o.a.j.u.SSLManager: Keystore file not found, loading empty keystore
2024-05-02 16:25:26,443 INFO o.a.j.t.JMeterThread: Thread started: Testing AWS API Gateway GET Method 2-4
2024-05-02 16:25:26,508 INFO o.a.j.t.JMeterThread: Thread started: Testing AWS API Gateway GET Method 2-5
2024-05-02 16:25:26,572 INFO o.a.j.t.JMeterThread: Thread started: Testing First API 1-2
2024-05-02 16:25:26,574 INFO o.a.j.t.JMeterThread: Thread started: Testing AWS API Gateway GET Method 2-6
2024-05-02 16:25:26,643 INFO o.a.j.t.JMeterThread: Thread started: Testing AWS API Gateway GET Method 2-7
2024-05-02 16:25:26,712 INFO o.a.j.t.JMeterThread: Thread started: Testing AWS API Gateway GET Method 2-8
2024-05-02 16:25:26,778 INFO o.a.j.t.JMeterThread: Thread started: Testing AWS API Gateway GET Method 2-9
2024-05-02 16:25:26,835 INFO o.a.j.t.JMeterThread: Thread is done: Testing First API 1-1
2024-05-02 16:25:26,835 INFO o.a.j.t.JMeterThread: Thread finished: Testing First API 1-1
2024-05-02 16:25:26,845 INFO o.a.j.t.JMeterThread: Thread started: Testing AWS API Gateway GET Method 2-10
2024-05-02 16:25:26,907 INFO o.a.j.t.JMeterThread: Thread started: Testing First API 1-3
2024-05-02 16:25:26,908 INFO o.a.j.t.JMeterThread: Thread started: Testing AWS API Gateway GET Method 2-11
2024-05-02 16:25:26,975 INFO o.a.j.t.JMeterThread: Thread started: Testing AWS API Gateway GET Method 2-12
2024-05-02 16:25:27,027 INFO o.a.j.t.JMeterThread: Thread is done: Testing First API 1-2
2024-05-02 16:25:27,027 INFO o.a.j.t.JMeterThread: Thread finished: Testing First API 1-2
2024-05-02 16:25:27,045 INFO o.a.j.t.JMeterThread: Thread started: Testing AWS API Gateway GET Method 2-13
2024-05-02 16:25:27,111 INFO o.a.j.t.JMeterThread: Thread started: Testing AWS API Gateway GET Method 2-14
2024-05-02 16:25:27,179 INFO o.a.j.t.JMeterThread: Thread started: Testing AWS API Gateway GET Method 2-15
2024-05-02 16:25:27,413 INFO o.a.j.t.JMeterThread: Thread is done: Testing First API 1-3
2024-05-02 16:25:27,414 INFO o.a.j.t.JMeterThread: Thread finished: Testing First API 1-3
2024-05-02 16:25:28,556 INFO o.a.j.t.JMeterThread: Thread is done: Testing AWS API Gateway GET Method 2-2
2024-05-02 16:25:28,556 INFO o.a.j.t.JMeterThread: Thread finished: Testing AWS API Gateway GET Method 2-2
2024-05-02 16:25:28,659 INFO o.a.j.t.JMeterThread: Thread is done: Testing AWS API Gateway GET Method 2-11
2024-05-02 16:25:28,659 INFO o.a.j.t.JMeterThread: Thread finished: Testing AWS API Gateway GET Method 2-11
2024-05-02 16:25:28,690 INFO o.a.j.t.JMeterThread: Thread is done: Testing AWS API Gateway GET Method 2-13
2024-05-02 16:25:28,690 INFO o.a.j.t.JMeterThread: Thread finished: Testing AWS API Gateway GET Method 2-13
2024-05-02 16:25:28,697 INFO o.a.j.t.JMeterThread: Thread is done: Testing AWS API Gateway GET Method 2-12
2024-05-02 16:25:28,698 INFO o.a.j.t.JMeterThread: Thread finished: Testing AWS API Gateway GET Method 2-12
2024-05-02 16:25:28,861 INFO o.a.j.t.JMeterThread: Thread is done: Testing AWS API Gateway GET Method 2-14
2024-05-02 16:25:28,861 INFO o.a.j.t.JMeterThread: Thread finished: Testing AWS API Gateway GET Method 2-14
2024-05-02 16:25:28,917 INFO o.a.j.t.JMeterThread: Thread is done: Testing AWS API Gateway GET Method 2-15
2024-05-02 16:25:28,917 INFO o.a.j.t.JMeterThread: Thread finished: Testing AWS API Gateway GET Method 2-15
2024-05-02 16:25:29,200 INFO o.a.j.t.JMeterThread: Thread is done: Testing AWS API Gateway GET Method 2-1
2024-05-02 16:25:29,200 INFO o.a.j.t.JMeterThread: Thread finished: Testing AWS API Gateway GET Method 2-1
2024-05-02 16:25:29,215 INFO o.a.j.t.JMeterThread: Thread is done: Testing AWS API Gateway GET Method 2-4
2024-05-02 16:25:29,215 INFO o.a.j.t.JMeterThread: Thread finished: Testing AWS API Gateway GET Method 2-4
2024-05-02 16:25:29,275 INFO o.a.j.t.JMeterThread: Thread is done: Testing AWS API Gateway GET Method 2-3
2024-05-02 16:25:29,275 INFO o.a.j.t.JMeterThread: Thread finished: Testing AWS API Gateway GET Method 2-3
2024-05-02 16:25:29,329 INFO o.a.j.t.JMeterThread: Thread is done: Testing AWS API Gateway GET Method 2-5
2024-05-02 16:25:29,330 INFO o.a.j.t.JMeterThread: Thread finished: Testing AWS API Gateway GET Method 2-5
2024-05-02 16:25:29,423 INFO o.a.j.t.JMeterThread: Thread is done: Testing AWS API Gateway GET Method 2-6
2024-05-02 16:25:29,423 INFO o.a.j.t.JMeterThread: Thread finished: Testing AWS API Gateway GET Method 2-6
2024-05-02 16:25:29,432 INFO o.a.j.t.JMeterThread: Thread is done: Testing AWS API Gateway GET Method 2-7
2024-05-02 16:25:29,432 INFO o.a.j.t.JMeterThread: Thread finished: Testing AWS API Gateway GET Method 2-7
2024-05-02 16:25:29,461 INFO o.a.j.t.JMeterThread: Thread is done: Testing AWS API Gateway GET Method 2-8
2024-05-02 16:25:29,462 INFO o.a.j.t.JMeterThread: Thread finished: Testing AWS API Gateway GET Method 2-8
2024-05-02 16:25:29,630 INFO o.a.j.t.JMeterThread: Thread is done: Testing AWS API Gateway GET Method 2-10
2024-05-02 16:25:29,630 INFO o.a.j.t.JMeterThread: Thread finished: Testing AWS API Gateway GET Method 2-10
2024-05-02 16:25:29,688 INFO o.a.j.t.JMeterThread: Thread is done: Testing AWS API Gateway GET Method 2-9
2024-05-02 16:25:29,688 INFO o.a.j.t.JMeterThread: Thread finished: Testing AWS API Gateway GET Method 2-9
2024-05-02 16:25:29,688 INFO o.a.j.e.StandardJMeterEngine: Notifying test listeners of end of test
2024-05-02 16:25:29,689 INFO o.a.j.g.u.JMeterMenuBar: setRunning(false, *local*)
